c:\dev\sdlpn\sdlpn\x64\debug\vc143.pdb
c:\dev\sdlpn\sdlpn\x64\debug\vc143.idb
c:\dev\sdlpn\sdlpn\x64\debug\main.obj
c:\dev\sdlpn\sdlpn\x64\debug\enemy4.obj
c:\dev\sdlpn\sdlpn\x64\debug\enemy2.obj
c:\dev\sdlpn\sdlpn\x64\debug\enemy1.obj
c:\dev\sdlpn\sdlpn\x64\debug\enemy0.obj
c:\dev\sdlpn\sdlpn\x64\debug\dot.obj
c:\dev\sdlpn\sdlpn\x64\debug\button.obj
c:\dev\sdlpn\sdlpn\x64\debug\again.obj
c:\dev\sdlpn\sdlpn\x64\debug\re.obj
c:\dev\sdlpn\x64\debug\sdlpn.exe
c:\dev\sdlpn\sdlpn\x64\debug\sdlpn.ilk
c:\dev\sdlpn\x64\debug\sdlpn.pdb
c:\dev\sdlpn\sdlpn\x64\debug\sdlpn.tlog\cl.command.1.tlog
c:\dev\sdlpn\sdlpn\x64\debug\sdlpn.tlog\cl.read.1.tlog
c:\dev\sdlpn\sdlpn\x64\debug\sdlpn.tlog\cl.write.1.tlog
c:\dev\sdlpn\sdlpn\x64\debug\sdlpn.tlog\link.command.1.tlog
c:\dev\sdlpn\sdlpn\x64\debug\sdlpn.tlog\link.read.1.tlog
c:\dev\sdlpn\sdlpn\x64\debug\sdlpn.tlog\link.write.1.tlog
